Catch Your Dream/Library/Bee/Android/Prj/Mono2x/Gradle/launcher/build/intermediates/manifest_merge_blame_file/release/manifest-merger-blame-release-report.txt
1<?xml version="1.0" encoding="utf-8"?>
2<manifest xmlns:android="http://schemas.android.com/apk/res/android"
3    package="com.DefaultCompany.SpaceMeeting"
4    android:installLocation="preferExternal"
5    android:versionCode="1"
6    android:versionName="0.1.0" >
7
8    <uses-sdk
9        android:minSdkVersion="22"
9-->src\main\AndroidManifest.xml
10        android:targetSdkVersion="33" />
10-->src\main\AndroidManifest.xml
11
12    <supports-screens
12-->src\main\AndroidManifest.xml:4:3-163
13        android:anyDensity="true"
13-->src\main\AndroidManifest.xml:4:135-160
14        android:largeScreens="true"
14-->src\main\AndroidManifest.xml:4:78-105
15        android:normalScreens="true"
15-->src\main\AndroidManifest.xml:4:49-77
16        android:smallScreens="true"
16-->src\main\AndroidManifest.xml:4:21-48
17        android:xlargeScreens="true" />
17-->src\main\AndroidManifest.xml:4:106-134
18
19    <uses-permission android:name="android.permission.INTERNET" />
19-->[:unityLibrary] AndroidManifest.xml:10:5-67
19-->[:unityLibrary] AndroidManifest.xml:10:22-64
20    <uses-permission android:name="android.permission.RECORD_AUDIO" />
20-->[:unityLibrary] AndroidManifest.xml:11:5-71
20-->[:unityLibrary] AndroidManifest.xml:11:22-68
21    <uses-permission android:name="android.permission.MODIFY_AUDIO_SETTINGS" />
21-->[:unityLibrary] AndroidManifest.xml:12:5-80
21-->[:unityLibrary] AndroidManifest.xml:12:22-77
22    <uses-permission android:name="android.permission.BLUETOOTH" />
22-->[:unityLibrary] AndroidManifest.xml:13:5-68
22-->[:unityLibrary] AndroidManifest.xml:13:22-65
23
24    <uses-feature android:glEsVersion="0x00030000" />
24-->[:unityLibrary] AndroidManifest.xml:15:5-54
24-->[:unityLibrary] AndroidManifest.xml:15:19-51
25    <uses-feature
25-->[:unityLibrary] AndroidManifest.xml:16:5-18:36
26        android:name="android.hardware.vulkan.version"
26-->[:unityLibrary] AndroidManifest.xml:17:9-55
27        android:required="false" />
27-->[:unityLibrary] AndroidManifest.xml:18:9-33
28    <uses-feature
28-->[:unityLibrary] AndroidManifest.xml:19:5-21:36
29        android:name="android.hardware.microphone"
29-->[:unityLibrary] AndroidManifest.xml:20:9-51
30        android:required="false" />
30-->[:unityLibrary] AndroidManifest.xml:21:9-33
31    <uses-feature
31-->[:unityLibrary] AndroidManifest.xml:22:5-24:36
32        android:name="android.hardware.touchscreen"
32-->[:unityLibrary] AndroidManifest.xml:23:9-52
33        android:required="false" />
33-->[:unityLibrary] AndroidManifest.xml:24:9-33
34    <uses-feature
34-->[:unityLibrary] AndroidManifest.xml:25:5-27:36
35        android:name="android.hardware.touchscreen.multitouch"
35-->[:unityLibrary] AndroidManifest.xml:26:9-63
36        android:required="false" />
36-->[:unityLibrary] AndroidManifest.xml:27:9-33
37    <uses-feature
37-->[:unityLibrary] AndroidManifest.xml:28:5-30:36
38        android:name="android.hardware.touchscreen.multitouch.distinct"
38-->[:unityLibrary] AndroidManifest.xml:29:9-72
39        android:required="false" />
39-->[:unityLibrary] AndroidManifest.xml:30:9-33
40
41    <application
41-->src\main\AndroidManifest.xml:3:3-83
42        android:extractNativeLibs="true"
42-->[:unityLibrary] AndroidManifest.xml:32:18-50
43        android:icon="@mipmap/app_icon"
43-->src\main\AndroidManifest.xml:3:49-80
44        android:label="@string/app_name" >
44-->src\main\AndroidManifest.xml:3:16-48
45        <meta-data
45-->[:unityLibrary] AndroidManifest.xml:33:9-35:33
46            android:name="unity.splash-mode"
46-->[:unityLibrary] AndroidManifest.xml:34:13-45
47            android:value="0" />
47-->[:unityLibrary] AndroidManifest.xml:35:13-30
48        <meta-data
48-->[:unityLibrary] AndroidManifest.xml:36:9-38:36
49            android:name="unity.splash-enable"
49-->[:unityLibrary] AndroidManifest.xml:37:13-47
50            android:value="True" />
50-->[:unityLibrary] AndroidManifest.xml:38:13-33
51        <meta-data
51-->[:unityLibrary] AndroidManifest.xml:39:9-41:36
52            android:name="unity.launch-fullscreen"
52-->[:unityLibrary] AndroidManifest.xml:40:13-51
53            android:value="True" />
53-->[:unityLibrary] AndroidManifest.xml:41:13-33
54        <meta-data
54-->[:unityLibrary] AndroidManifest.xml:42:9-44:50
55            android:name="notch.config"
55-->[:unityLibrary] AndroidManifest.xml:43:13-40
56            android:value="portrait|landscape" />
56-->[:unityLibrary] AndroidManifest.xml:44:13-47
57        <meta-data
57-->[:unityLibrary] AndroidManifest.xml:45:9-47:36
58            android:name="unity.auto-report-fully-drawn"
58-->[:unityLibrary] AndroidManifest.xml:46:13-57
59            android:value="true" />
59-->[:unityLibrary] AndroidManifest.xml:47:13-33
60
61        <activity
61-->[:unityLibrary] AndroidManifest.xml:49:9-70:20
62            android:name="com.unity3d.player.UnityPlayerActivity"
62-->[:unityLibrary] AndroidManifest.xml:50:13-66
63            android:configChanges="mcc|mnc|locale|touchscreen|keyboard|keyboardHidden|navigation|orientation|screenLayout|uiMode|screenSize|smallestScreenSize|fontScale|layoutDirection|density"
63-->[:unityLibrary] AndroidManifest.xml:51:13-194
64            android:exported="true"
64-->[:unityLibrary] AndroidManifest.xml:52:13-36
65            android:hardwareAccelerated="false"
65-->[:unityLibrary] AndroidManifest.xml:53:13-48
66            android:launchMode="singleTask"
66-->[:unityLibrary] AndroidManifest.xml:54:13-44
67            android:resizeableActivity="false"
67-->[:unityLibrary] AndroidManifest.xml:55:13-47
68            android:screenOrientation="userPortrait"
68-->[:unityLibrary] AndroidManifest.xml:56:13-53
69            android:theme="@style/UnityThemeSelector" >
69-->[:unityLibrary] AndroidManifest.xml:57:13-54
70            <intent-filter>
70-->[:unityLibrary] AndroidManifest.xml:58:13-62:29
71                <category android:name="android.intent.category.LAUNCHER" />
71-->[:unityLibrary] AndroidManifest.xml:59:17-77
71-->[:unityLibrary] AndroidManifest.xml:59:27-74
72
73                <action android:name="android.intent.action.MAIN" />
73-->[:unityLibrary] AndroidManifest.xml:61:17-69
73-->[:unityLibrary] AndroidManifest.xml:61:25-66
74            </intent-filter>
75
76            <meta-data
76-->[:unityLibrary] AndroidManifest.xml:64:13-66:40
77                android:name="unityplayer.UnityActivity"
77-->[:unityLibrary] AndroidManifest.xml:65:17-57
78                android:value="true" />
78-->[:unityLibrary] AndroidManifest.xml:66:17-37
79            <meta-data
79-->[:unityLibrary] AndroidManifest.xml:67:13-69:40
80                android:name="notch_support"
80-->[:unityLibrary] AndroidManifest.xml:68:17-45
81                android:value="true" />
81-->[:unityLibrary] AndroidManifest.xml:69:17-37
82        </activity>
83    </application>
84
85</manifest>